<?xml version="1.0" encoding="utf-8"?><testsuites name="pytest tests"><testsuite name="pytest" errors="0" failures="3" skipped="1" tests="11" time="4.904" timestamp="2026-04-16T19:12:30.027637+00:00" hostname="agent-env-55c66d8f-96f6-466b-beda-a06df4db6ebf"><testcase classname="tests.test_new_features.TestRandomRecipes" name="test_get_random_recipes_default" time="0.275" /><testcase classname="tests.test_new_features.TestRandomRecipes" name="test_get_random_recipes_with_count" time="0.163" /><testcase classname="tests.test_new_features.TestRandomRecipes" name="test_random_recipes_no_duplicates_in_single_call" time="0.173" /><testcase classname="tests.test_new_features.TestAIRecipeGeneration" name="test_get_existing_recipe" time="0.148" /><testcase classname="tests.test_new_features.TestAIRecipeGeneration" name="test_trigger_ai_recipe_generation" time="0.164" /><testcase classname="tests.test_new_features.TestAIRecipeGeneration" name="test_recipe_status_becomes_pending" time="2.793"><failure message="AssertionError: Expected 'pending' or 'done', got 'error'&#10;assert 'error' in ['pending', 'done']">tests/test_new_features.py:103: in test_recipe_status_becomes_pending
    assert data["transcription_status"] in ["pending", "done"], f"Expected 'pending' or 'done', got '{data['transcription_status']}'"
E   AssertionError: Expected 'pending' or 'done', got 'error'
E   assert 'error' in ['pending', 'done']</failure></testcase><testcase classname="tests.test_new_features.TestAIRecipeGeneration" name="test_poll_until_ai_generation_complete" time="0.185"><failure message="Failed: AI generation failed: Errore AI: Failed to generate chat completion: litellm.ServiceUnavailableError: ServiceUnavailableError: OpenAIException - upstream connect error or disconnect/reset before headers. reset reason: remote connection failure, transport failure reason: delayed connect error: Connection refused">tests/test_new_features.py:128: in test_poll_until_ai_generation_complete
    pytest.fail(f"AI generation failed: {data.get('transcription')}")
E   Failed: AI generation failed: Errore AI: Failed to generate chat completion: litellm.ServiceUnavailableError: ServiceUnavailableError: OpenAIException - upstream connect error or disconnect/reset before headers. reset reason: remote connection failure, transport failure reason: delayed connect error: Connection refused</failure></testcase><testcase classname="tests.test_new_features.TestAIRecipeGeneration" name="test_verify_generated_recipe_content" time="0.000"><skipped type="pytest.skip" message="No generated recipe available">/app/backend/tests/test_new_features.py:138: No generated recipe available</skipped></testcase><testcase classname="tests.test_new_features.TestAIRecipeGeneration" name="test_verify_recipe_persisted_in_db" time="0.119"><failure message="AssertionError: assert 'error' == 'done'&#10;  &#10;  - done&#10;  + error">tests/test_new_features.py:160: in test_verify_recipe_persisted_in_db
    assert data["transcription_status"] == "done"
E   AssertionError: assert 'error' == 'done'
E     
E     - done
E     + error</failure></testcase><testcase classname="tests.test_new_features.TestSearchAndUpdate" name="test_search_recipes" time="0.133" /><testcase classname="tests.test_new_features.TestSearchAndUpdate" name="test_update_recipe_fields" time="0.646" /></testsuite></testsuites>