<?xml version="1.0" encoding="utf-8"?><testsuites name="pytest tests"><testsuite name="pytest" errors="0" failures="0" skipped="0" tests="24" time="7.923" timestamp="2026-04-16T14:38:43.699291+00:00" hostname="agent-env-55c66d8f-96f6-466b-beda-a06df4db6ebf"><testcase classname="tests.test_api_endpoints.TestHealthAndProfile" name="test_health_check" time="0.262" /><testcase classname="tests.test_api_endpoints.TestHealthAndProfile" name="test_create_profile" time="0.175" /><testcase classname="tests.test_api_endpoints.TestHealthAndProfile" name="test_get_profile" time="0.150" /><testcase classname="tests.test_api_endpoints.TestFolders" name="test_create_folder" time="0.110" /><testcase classname="tests.test_api_endpoints.TestFolders" name="test_get_folders" time="0.149" /><testcase classname="tests.test_api_endpoints.TestFolders" name="test_get_folder_by_id" time="0.113" /><testcase classname="tests.test_api_endpoints.TestFolders" name="test_update_folder" time="0.272" /><testcase classname="tests.test_api_endpoints.TestSubfolders" name="test_create_subfolder" time="0.125" /><testcase classname="tests.test_api_endpoints.TestSubfolders" name="test_get_subfolders_by_folder" time="0.106" /><testcase classname="tests.test_api_endpoints.TestSubfolders" name="test_update_subfolder" time="0.147" /><testcase classname="tests.test_api_endpoints.TestExtract" name="test_extract_with_invalid_url" time="0.117" /><testcase classname="tests.test_api_endpoints.TestExtract" name="test_extract_with_instagram_url" time="1.212" /><testcase classname="tests.test_api_endpoints.TestRecipes" name="test_create_recipe_with_manual_caption" time="0.985" /><testcase classname="tests.test_api_endpoints.TestRecipes" name="test_get_all_recipes" time="0.149" /><testcase classname="tests.test_api_endpoints.TestRecipes" name="test_get_recipes_count" time="0.126" /><testcase classname="tests.test_api_endpoints.TestRecipes" name="test_search_recipes_by_name" time="0.110" /><testcase classname="tests.test_api_endpoints.TestRecipes" name="test_search_recipes_by_notes" time="0.109" /><testcase classname="tests.test_api_endpoints.TestRecipes" name="test_get_recipe_by_id" time="0.121" /><testcase classname="tests.test_api_endpoints.TestRecipes" name="test_update_recipe" time="0.387" /><testcase classname="tests.test_api_endpoints.TestTranscription" name="test_trigger_transcription" time="0.105" /><testcase classname="tests.test_api_endpoints.TestTranscription" name="test_transcription_status_update" time="2.158" /><testcase classname="tests.test_api_endpoints.TestCleanup" name="test_delete_recipe" time="0.243" /><testcase classname="tests.test_api_endpoints.TestCleanup" name="test_delete_subfolder" time="0.101" /><testcase classname="tests.test_api_endpoints.TestCleanup" name="test_delete_folder" time="0.290" /></testsuite></testsuites>